<?xml version="1.0" encoding="UTF-8"?>
<!-- Generated by org.testng.reporters.JUnitXMLReporter -->
<testsuite hostname="INSWL-H610373" ignored="1" name="Test" tests="3" failures="0" timestamp="29 Dec 2020 05:14:34 GMT" time="5.922" errors="0">
  <testcase name="createBooking" time="3.262" classname="restAssuredTests.POSTAPIRequests"/>
  <testcase name="getAllBookings" time="1.307" classname="restAssuredTests.GETAPIRequests"/>
  <testcase name="getOneBooking" time="1.317" classname="restAssuredTests.GETAPIRequests"/>
  <testcase name="@BeforeSuite setBaseURI" time="0.0" classname="Utils.BaseTest">
    <ignored/>
  </testcase> <!-- @BeforeSuite setBaseURI -->
</testsuite> <!-- Test -->
