<?xml version="1.0" encoding="UTF-8"?>
<!-- Generated by org.testng.reporters.JUnitXMLReporter -->
<testsuite hostname="INSWL-H610373" ignored="1" name="Test" tests="4" failures="0" timestamp="29 Dec 2020 04:45:33 GMT" time="5.714" errors="0">
  <testcase name="createBooking" time="2.745" classname="restAssuredTests.POSTAPIRequests"/>
  <testcase name="updateBooking" time="0.0" classname="restAssuredTests.PUTAPIRequests"/>
  <testcase name="getAllBookings" time="1.645" classname="restAssuredTests.GETAPIRequests"/>
  <testcase name="getOneBooking" time="1.296" classname="restAssuredTests.GETAPIRequests"/>
  <testcase name="@BeforeSuite setBaseURI" time="0.0" classname="Utils.BaseTest">
    <ignored/>
  </testcase> <!-- @BeforeSuite setBaseURI -->
</testsuite> <!-- Test -->
