<?xml version="1.0" encoding="UTF-8"?>
<testng-results skipped="0" failed="0" ignored="0" total="1" passed="1">
  <reporter-output>
  </reporter-output>
  <suite name="Default suite" duration-ms="3135" started-at="2020-12-29T04:57:22Z" finished-at="2020-12-29T04:57:25Z">
    <groups>
    </groups>
    <test name="Default test" duration-ms="3135" started-at="2020-12-29T04:57:22Z" finished-at="2020-12-29T04:57:25Z">
      <class name="restAssuredTests.POSTAPIRequests">
        <test-method status="PASS" signature="setBaseURI()[pri:0, instance:restAssuredTests.POSTAPIRequests@5622fdf]" name="setBaseURI" is-config="true" duration-ms="448" started-at="2020-12-29T04:57:22Z" finished-at="2020-12-29T04:57:22Z">
          <reporter-output>
          </reporter-output>
        </test-method> <!-- setBaseURI -->
        <test-method status="PASS" signature="createBooking()[pri:0, instance:restAssuredTests.POSTAPIRequests@5622fdf]" name="createBooking" duration-ms="3111" started-at="2020-12-29T04:57:22Z" finished-at="2020-12-29T04:57:25Z">
          <reporter-output>
          </reporter-output>
        </test-method> <!-- createBooking -->
      </class> <!-- restAssuredTests.POSTAPIRequests -->
    </test> <!-- Default test -->
  </suite> <!-- Default suite -->
</testng-results>
