<?xml version="1.0" encoding="UTF-8"?>
<testng-results skipped="0" failed="0" ignored="1" total="4" passed="3">
  <reporter-output>
  </reporter-output>
  <suite name="Suite" duration-ms="5922" started-at="2020-12-29T05:14:28Z" finished-at="2020-12-29T05:14:34Z">
    <groups>
    </groups>
    <test name="Test" duration-ms="5922" started-at="2020-12-29T05:14:28Z" finished-at="2020-12-29T05:14:34Z">
      <class name="restAssuredTests.GETAPIRequests">
        <test-method status="PASS" signature="getAllBookings()[pri:0, instance:restAssuredTests.GETAPIRequests@7d9d1a19]" name="getAllBookings" duration-ms="1307" started-at="2020-12-29T05:14:31Z" finished-at="2020-12-29T05:14:33Z">
          <reporter-output>
          </reporter-output>
        </test-method> <!-- getAllBookings -->
        <test-method status="PASS" signature="getOneBooking()[pri:0, instance:restAssuredTests.GETAPIRequests@7d9d1a19]" name="getOneBooking" duration-ms="1317" started-at="2020-12-29T05:14:33Z" finished-at="2020-12-29T05:14:34Z">
          <reporter-output>
          </reporter-output>
        </test-method> <!-- getOneBooking -->
      </class> <!-- restAssuredTests.GETAPIRequests -->
      <class name="restAssuredTests.POSTAPIRequests">
        <test-method status="PASS" signature="setBaseURI()[pri:0, instance:restAssuredTests.POSTAPIRequests@4883b407]" name="setBaseURI" is-config="true" duration-ms="424" started-at="2020-12-29T05:14:28Z" finished-at="2020-12-29T05:14:28Z">
          <reporter-output>
          </reporter-output>
        </test-method> <!-- setBaseURI -->
        <test-method status="PASS" signature="createBooking()[pri:0, instance:restAssuredTests.POSTAPIRequests@4883b407]" name="createBooking" duration-ms="3262" started-at="2020-12-29T05:14:28Z" finished-at="2020-12-29T05:14:31Z">
          <reporter-output>
          </reporter-output>
        </test-method> <!-- createBooking -->
      </class> <!-- restAssuredTests.POSTAPIRequests -->
    </test> <!-- Test -->
  </suite> <!-- Suite -->
</testng-results>
